c:\anthonydev\minecraftclone\minecraftclone\x64\debug\vc143.pdb
c:\anthonydev\minecraftclone\minecraftclone\x64\debug\vc143.idb
c:\anthonydev\minecraftclone\minecraftclone\x64\debug\glad.obj
c:\anthonydev\minecraftclone\minecraftclone\x64\debug\main.obj
c:\anthonydev\minecraftclone\minecraftclone\x64\debug\shader.obj
c:\anthonydev\minecraftclone\minecraftclone\x64\debug\block.obj
c:\anthonydev\minecraftclone\minecraftclone\x64\debug\camera.obj
c:\anthonydev\minecraftclone\minecraftclone\x64\debug\texture2d.obj
c:\anthonydev\minecraftclone\minecraftclone\x64\debug\stbenable.obj
c:\anthonydev\minecraftclone\x64\debug\minecraftclone.exe
c:\anthonydev\minecraftclone\minecraftclone\x64\debug\minecraftclone.ilk
c:\anthonydev\minecraftclone\x64\debug\minecraftclone.pdb
c:\anthonydev\minecraftclone\minecraftclone\x64\debug\ebo.obj
c:\anthonydev\minecraftclone\minecraftclone\x64\debug\globject.obj
c:\anthonydev\minecraftclone\minecraftclone\x64\debug\simplexnoise.obj
c:\anthonydev\minecraftclone\minecraftclone\x64\debug\vao.obj
c:\anthonydev\minecraftclone\minecraftclone\x64\debug\vbo.obj
c:\anthonydev\minecraftclone\minecraftclone\x64\debug\main.obj.enc
c:\anthonydev\minecraftclone\minecraftclone\x64\debug\minecraftclone.tlog\cl.command.1.tlog
c:\anthonydev\minecraftclone\minecraftclone\x64\debug\minecraftclone.tlog\cl.read.1.tlog
c:\anthonydev\minecraftclone\minecraftclone\x64\debug\minecraftclone.tlog\cl.write.1.tlog
c:\anthonydev\minecraftclone\minecraftclone\x64\debug\minecraftclone.tlog\link.command.1.tlog
c:\anthonydev\minecraftclone\minecraftclone\x64\debug\minecraftclone.tlog\link.read.1.tlog
c:\anthonydev\minecraftclone\minecraftclone\x64\debug\minecraftclone.tlog\link.write.1.tlog
